
Run 1/10
Seed set to 42
Loading cached data...
Done!
Starting training...
Train edges: 28254
Val edges: 9076
Test edges: 9543
Nodes: 2070
Untrained Val AUC: 0.6255
Untrained Test AUC: 0.5463
Epoch 000 | Loss: 2.1390 | Val AUC: 0.6294 | LR: 0.001000
Epoch 005 | Loss: 1.2313 | Val AUC: 0.7548 | LR: 0.001000
Epoch 010 | Loss: 0.8165 | Val AUC: 0.6638 | LR: 0.001000
Epoch 015 | Loss: 0.7268 | Val AUC: 0.6116 | LR: 0.001000
Epoch 020 | Loss: 0.6292 | Val AUC: 0.6071 | LR: 0.001000
Epoch 025 | Loss: 0.5535 | Val AUC: 0.6134 | LR: 0.001000
Epoch 030 | Loss: 0.5464 | Val AUC: 0.7691 | LR: 0.001000
Epoch 035 | Loss: 0.5507 | Val AUC: 0.7734 | LR: 0.001000
Epoch 040 | Loss: 0.5085 | Val AUC: 0.7487 | LR: 0.001000
Epoch 045 | Loss: 0.5574 | Val AUC: 0.7243 | LR: 0.001000
Epoch 050 | Loss: 0.5197 | Val AUC: 0.7179 | LR: 0.001000
Epoch 055 | Loss: 0.4996 | Val AUC: 0.7162 | LR: 0.001000
Epoch 060 | Loss: 0.4934 | Val AUC: 0.7159 | LR: 0.001000
Early stopping at epoch 60

Best validation AUC: 0.7734
Testing...
Test AUC: 0.6850

Run 2/10
Seed set to 42
Loading cached data...
Done!
Starting training...
Train edges: 28254
Val edges: 9076
Test edges: 9543
Nodes: 2070
Untrained Val AUC: 0.6253
Untrained Test AUC: 0.5350
Epoch 000 | Loss: 2.1656 | Val AUC: 0.6342 | LR: 0.001000
Epoch 005 | Loss: 1.2006 | Val AUC: 0.7850 | LR: 0.001000
Epoch 010 | Loss: 0.8558 | Val AUC: 0.6837 | LR: 0.001000
Epoch 015 | Loss: 0.7252 | Val AUC: 0.6155 | LR: 0.001000
Epoch 020 | Loss: 0.6603 | Val AUC: 0.6055 | LR: 0.001000
Epoch 025 | Loss: 0.5716 | Val AUC: 0.6226 | LR: 0.001000
Epoch 030 | Loss: 0.5442 | Val AUC: 0.6271 | LR: 0.001000
Early stopping at epoch 30

Best validation AUC: 0.7850
Testing...
Test AUC: 0.7239

Run 3/10
Seed set to 42
Loading cached data...
Done!
Starting training...
Train edges: 28254
Val edges: 9076
Test edges: 9543
Nodes: 2070
Untrained Val AUC: 0.6244
Untrained Test AUC: 0.5397
Epoch 000 | Loss: 2.1722 | Val AUC: 0.6218 | LR: 0.001000
Epoch 005 | Loss: 1.2240 | Val AUC: 0.7863 | LR: 0.001000
Epoch 010 | Loss: 0.8587 | Val AUC: 0.6810 | LR: 0.001000
Epoch 015 | Loss: 0.7586 | Val AUC: 0.6159 | LR: 0.001000
Epoch 020 | Loss: 0.6147 | Val AUC: 0.6503 | LR: 0.001000
Epoch 025 | Loss: 0.6190 | Val AUC: 0.6594 | LR: 0.001000
Epoch 030 | Loss: 0.5779 | Val AUC: 0.6293 | LR: 0.001000
Early stopping at epoch 30

Best validation AUC: 0.7863
Testing...
Test AUC: 0.5572

Run 4/10
Seed set to 42
Loading cached data...
Done!
Starting training...
Train edges: 28254
Val edges: 9076
Test edges: 9543
Nodes: 2070
Untrained Val AUC: 0.6229
Untrained Test AUC: 0.5424
Epoch 000 | Loss: 2.1699 | Val AUC: 0.6280 | LR: 0.001000
Epoch 005 | Loss: 1.2110 | Val AUC: 0.8131 | LR: 0.001000
Epoch 010 | Loss: 0.8834 | Val AUC: 0.7492 | LR: 0.001000
Epoch 015 | Loss: 0.7185 | Val AUC: 0.7634 | LR: 0.001000
Epoch 020 | Loss: 0.6343 | Val AUC: 0.6499 | LR: 0.001000
Epoch 025 | Loss: 0.6301 | Val AUC: 0.6564 | LR: 0.001000
Epoch 030 | Loss: 0.5500 | Val AUC: 0.6492 | LR: 0.001000
Early stopping at epoch 30

Best validation AUC: 0.8131
Testing...
Test AUC: 0.5781

Run 5/10
Seed set to 42
Loading cached data...
Done!
Starting training...
Train edges: 28254
Val edges: 9076
Test edges: 9543
Nodes: 2070
Untrained Val AUC: 0.6233
Untrained Test AUC: 0.5435
Epoch 000 | Loss: 2.1946 | Val AUC: 0.6367 | LR: 0.001000
Epoch 005 | Loss: 1.2162 | Val AUC: 0.7953 | LR: 0.001000
Epoch 010 | Loss: 0.8277 | Val AUC: 0.6107 | LR: 0.001000
Epoch 015 | Loss: 0.7033 | Val AUC: 0.5702 | LR: 0.001000
Epoch 020 | Loss: 0.6391 | Val AUC: 0.5816 | LR: 0.001000
Epoch 025 | Loss: 0.5563 | Val AUC: 0.6011 | LR: 0.001000
Epoch 030 | Loss: 0.6113 | Val AUC: 0.5744 | LR: 0.001000
Early stopping at epoch 30

Best validation AUC: 0.7953
Testing...
Test AUC: 0.6879

Run 6/10
Seed set to 42
Loading cached data...
Done!
Starting training...
Train edges: 28254
Val edges: 9076
Test edges: 9543
Nodes: 2070
Untrained Val AUC: 0.6210
Untrained Test AUC: 0.5396
Epoch 000 | Loss: 2.1994 | Val AUC: 0.6142 | LR: 0.001000
Epoch 005 | Loss: 1.2117 | Val AUC: 0.8381 | LR: 0.001000
Epoch 010 | Loss: 0.8689 | Val AUC: 0.7728 | LR: 0.001000
Epoch 015 | Loss: 0.7259 | Val AUC: 0.7522 | LR: 0.001000
Epoch 020 | Loss: 0.6843 | Val AUC: 0.8088 | LR: 0.001000
Epoch 025 | Loss: 0.5657 | Val AUC: 0.8910 | LR: 0.001000
Epoch 030 | Loss: 0.5745 | Val AUC: 0.8548 | LR: 0.001000
Epoch 035 | Loss: 0.5352 | Val AUC: 0.8290 | LR: 0.001000
Epoch 040 | Loss: 0.6104 | Val AUC: 0.7984 | LR: 0.001000
Epoch 045 | Loss: 0.5166 | Val AUC: 0.7778 | LR: 0.001000
Epoch 050 | Loss: 0.4844 | Val AUC: 0.7327 | LR: 0.001000
Early stopping at epoch 50

Best validation AUC: 0.8910
Testing...
Test AUC: 0.5970

Run 7/10
Seed set to 42
Loading cached data...
Done!
Starting training...
Train edges: 28254
Val edges: 9076
Test edges: 9543
Nodes: 2070
Untrained Val AUC: 0.6210
Untrained Test AUC: 0.5418
Epoch 000 | Loss: 2.1741 | Val AUC: 0.6348 | LR: 0.001000
Epoch 005 | Loss: 1.2048 | Val AUC: 0.8293 | LR: 0.001000
Epoch 010 | Loss: 0.8838 | Val AUC: 0.6986 | LR: 0.001000
Epoch 015 | Loss: 0.6941 | Val AUC: 0.6789 | LR: 0.001000
Epoch 020 | Loss: 0.6043 | Val AUC: 0.6359 | LR: 0.001000
Epoch 025 | Loss: 0.5339 | Val AUC: 0.6475 | LR: 0.001000
Epoch 030 | Loss: 0.5456 | Val AUC: 0.6509 | LR: 0.001000
Early stopping at epoch 30

Best validation AUC: 0.8293
Testing...
Test AUC: 0.6757

Run 8/10
Seed set to 42
Loading cached data...
Done!
Starting training...
Train edges: 28254
Val edges: 9076
Test edges: 9543
Nodes: 2070
Untrained Val AUC: 0.6231
Untrained Test AUC: 0.5412
Epoch 000 | Loss: 2.1791 | Val AUC: 0.6337 | LR: 0.001000
Epoch 005 | Loss: 1.2232 | Val AUC: 0.8331 | LR: 0.001000
Epoch 010 | Loss: 0.9340 | Val AUC: 0.7819 | LR: 0.001000
Epoch 015 | Loss: 0.7055 | Val AUC: 0.7696 | LR: 0.001000
Epoch 020 | Loss: 0.6794 | Val AUC: 0.6399 | LR: 0.001000
Epoch 025 | Loss: 0.5528 | Val AUC: 0.6533 | LR: 0.001000
Epoch 030 | Loss: 0.5360 | Val AUC: 0.6589 | LR: 0.001000
Early stopping at epoch 30

Best validation AUC: 0.8331
Testing...
Test AUC: 0.6996

Run 9/10
Seed set to 42
Loading cached data...
Done!
Starting training...
Train edges: 28254
Val edges: 9076
Test edges: 9543
Nodes: 2070
Untrained Val AUC: 0.6259
Untrained Test AUC: 0.5435
Epoch 000 | Loss: 2.1724 | Val AUC: 0.6194 | LR: 0.001000
Epoch 005 | Loss: 1.1717 | Val AUC: 0.7668 | LR: 0.001000
Epoch 010 | Loss: 0.8472 | Val AUC: 0.7421 | LR: 0.001000
Epoch 015 | Loss: 0.6910 | Val AUC: 0.7172 | LR: 0.001000
Epoch 020 | Loss: 0.6733 | Val AUC: 0.6341 | LR: 0.001000
Epoch 025 | Loss: 0.5859 | Val AUC: 0.6482 | LR: 0.001000
Epoch 030 | Loss: 0.5391 | Val AUC: 0.8779 | LR: 0.001000
Epoch 035 | Loss: 0.5238 | Val AUC: 0.8596 | LR: 0.001000
Epoch 040 | Loss: 0.4979 | Val AUC: 0.8134 | LR: 0.001000
Epoch 045 | Loss: 0.4957 | Val AUC: 0.7813 | LR: 0.001000
Epoch 050 | Loss: 0.4983 | Val AUC: 0.7611 | LR: 0.001000
Epoch 055 | Loss: 0.5504 | Val AUC: 0.7472 | LR: 0.001000
Early stopping at epoch 55

Best validation AUC: 0.8779
Testing...
Test AUC: 0.8212

Run 10/10
Seed set to 42
Loading cached data...
Done!
Starting training...
Train edges: 28254
Val edges: 9076
Test edges: 9543
Nodes: 2070
Untrained Val AUC: 0.6250
Untrained Test AUC: 0.5399
Epoch 000 | Loss: 2.1679 | Val AUC: 0.6329 | LR: 0.001000
Epoch 005 | Loss: 1.2123 | Val AUC: 0.7787 | LR: 0.001000
Epoch 010 | Loss: 0.8235 | Val AUC: 0.6811 | LR: 0.001000
Epoch 015 | Loss: 0.7162 | Val AUC: 0.6346 | LR: 0.001000
Epoch 020 | Loss: 0.6615 | Val AUC: 0.6187 | LR: 0.001000
Epoch 025 | Loss: 0.6016 | Val AUC: 0.6378 | LR: 0.001000
Epoch 030 | Loss: 0.5789 | Val AUC: 0.6452 | LR: 0.001000
Early stopping at epoch 30

Best validation AUC: 0.7787
Testing...
Test AUC: 0.7290

Final Statistics over 10 runs:
untrained_val: 0.6237 ± 0.0017
untrained_test: 0.5413 ± 0.0029
final_val: 0.8163 ± 0.0393
final_test: 0.6755 ± 0.0754
