/home/tvg/miniconda3/envs/ml-graphs/lib/python3.12/site-packages/torch/optim/lr_scheduler.py:62: UserWarning: The verbose parameter is deprecated. Please use get_last_lr() to access the learning rate.
  warnings.warn(
Seed set to 42
Loading cached data...
Done!
Starting training...
Train edges: 28254
Val edges: 9076
Test edges: 9543
Nodes: 2070
Untrained Val AUC: 0.6210
Untrained Test AUC: 0.5423
Epoch 000 | Loss: 2.1362 | Val AUC: 0.6262 | LR: 0.001000
Epoch 005 | Loss: 1.2407 | Val AUC: 0.8131 | LR: 0.001000
Epoch 010 | Loss: 0.9074 | Val AUC: 0.6713 | LR: 0.001000
Epoch 015 | Loss: 0.8012 | Val AUC: 0.6401 | LR: 0.001000
Epoch 020 | Loss: 0.6724 | Val AUC: 0.6161 | LR: 0.001000
Epoch 025 | Loss: 0.6061 | Val AUC: 0.6314 | LR: 0.001000
Epoch 030 | Loss: 0.5933 | Val AUC: 0.6329 | LR: 0.001000
Epoch 035 | Loss: 0.5567 | Val AUC: 0.7831 | LR: 0.001000
Epoch 040 | Loss: 0.5446 | Val AUC: 0.7557 | LR: 0.001000
Epoch 045 | Loss: 0.5447 | Val AUC: 0.7443 | LR: 0.001000
Epoch 050 | Loss: 0.5446 | Val AUC: 0.7290 | LR: 0.001000
Epoch 055 | Loss: 0.5944 | Val AUC: 0.7192 | LR: 0.001000
Epoch 060 | Loss: 0.4830 | Val AUC: 0.7170 | LR: 0.001000
Epoch 065 | Loss: 0.5094 | Val AUC: 0.7168 | LR: 0.000500
Epoch 070 | Loss: 0.4866 | Val AUC: 0.7166 | LR: 0.000500
Epoch 075 | Loss: 0.4935 | Val AUC: 0.7161 | LR: 0.000500
Epoch 080 | Loss: 0.4826 | Val AUC: 0.7158 | LR: 0.000500
Early stopping at epoch 80

Best validation AUC: 0.8131
Testing...
Test AUC: 0.5820
